2018-08-08 16:01:50,173:INFO:success! 
 loading solver......
2018-08-08 16:01:50,382:DEBUG:interfacing solver shell :
2018-08-08 16:01:50,382:DEBUG:	solver options >> 

	Tolerance Limits:
	mip_gap = 0.0 
	timeout = 300
2018-08-08 16:01:50,382:DEBUG:Processing Trial Number :
2018-08-08 16:01:50,382:DEBUG:Job Triggered
2018-08-08 16:01:50,382:DEBUG:generating solution ...... !! please wait !!    
 to interrupt press ctrl+C

2018-08-08 16:01:51,507:INFO:Solution Captured!
2018-08-08 16:02:25,135:INFO:success! 
 loading solver......
2018-08-08 16:02:25,343:DEBUG:interfacing solver shell :
2018-08-08 16:02:25,344:DEBUG:	solver options >> 

	Tolerance Limits:
	mip_gap = 0.0 
	timeout = 300
2018-08-08 16:02:25,344:DEBUG:Processing Trial Number :
2018-08-08 16:02:25,344:DEBUG:Job Triggered
2018-08-08 16:02:25,344:DEBUG:generating solution ...... !! please wait !!    
 to interrupt press ctrl+C

2018-08-08 16:02:26,481:INFO:Solution Captured!
2018-08-08 16:02:46,779:INFO:success! 
 loading solver......
2018-08-08 16:02:46,987:DEBUG:interfacing solver shell :
2018-08-08 16:02:46,987:DEBUG:	solver options >> 

	Tolerance Limits:
	mip_gap = 0.0 
	timeout = 300
2018-08-08 16:02:46,988:DEBUG:Job Triggered
2018-08-08 16:02:46,988:DEBUG:generating solution ...... !! please wait !!    
 to interrupt press ctrl+C

2018-08-08 16:02:48,118:INFO:Solution Captured!
2018-08-08 16:03:03,521:INFO:success! 
 loading solver......
2018-08-08 16:03:03,730:DEBUG:interfacing solver shell :
2018-08-08 16:03:03,730:DEBUG:	solver options >> 

	Tolerance Limits:
	mip_gap = 0.0 
	timeout = 300
2018-08-08 16:03:03,731:DEBUG:Job Triggered
2018-08-08 16:03:03,731:DEBUG:generating solution ...... !! please wait !!    
 to interrupt press ctrl+C

2018-08-08 16:03:04,878:INFO:Solution Captured!
2018-08-08 16:03:13,697:INFO:success! 
 loading solver......
2018-08-08 16:03:13,905:DEBUG:interfacing solver shell :
2018-08-08 16:03:13,905:DEBUG:	solver options >> 

	Tolerance Limits:
	mip_gap = 0.0 
	timeout = 300
2018-08-08 16:03:13,905:DEBUG:Processing Trial Number :
2018-08-08 16:03:13,905:DEBUG:Job Triggered
2018-08-08 16:03:13,906:DEBUG:generating solution ...... !! please wait !!    
 to interrupt press ctrl+C

2018-08-08 16:03:15,035:INFO:Solution Captured!
2018-08-08 16:03:34,947:INFO:success! 
 loading solver......
2018-08-08 16:03:35,156:DEBUG:interfacing solver shell :
2018-08-08 16:03:35,156:DEBUG:	solver options >> 

	Tolerance Limits:
	mip_gap = 0.0 
	timeout = 300
2018-08-08 16:03:35,156:DEBUG:Processing Trial Number :
2018-08-08 16:03:35,156:DEBUG:Job Triggered
2018-08-08 16:03:35,156:DEBUG:generating solution ...... !! please wait !!    
 to interrupt press ctrl+C

2018-08-08 16:03:36,275:INFO:Solution Captured!
2018-08-08 16:07:57,908:solutionmethod:INFO:success! 
 loading solver......
2018-08-08 16:07:58,116:solutionmethod:DEBUG:interfacing solver shell :
2018-08-08 16:07:58,117:solutionmethod:DEBUG:	solver options >> 

	Tolerance Limits:
	mip_gap = 0.0 
	timeout = 300
2018-08-08 16:07:58,117:solutionmethod:DEBUG:Processing Trial Number :
2018-08-08 16:07:58,117:solutionmethod:DEBUG:Job Triggered
2018-08-08 16:07:58,117:solutionmethod:DEBUG:generating solution ...... !! please wait !!    
 to interrupt press ctrl+C

2018-08-08 16:07:59,256:solutionmethod:INFO:Solution Captured!
2018-08-08 16:21:18,717:solutionmethod:INFO:success! 
 loading solver......
2018-08-08 16:21:18,925:solutionmethod:DEBUG:interfacing solver shell :
2018-08-08 16:21:18,925:solutionmethod:DEBUG:	solver options >> 

	Tolerance Limits:
	mip_gap = 0.0 
	timeout = 300
2018-08-08 16:21:18,925:solutionmethod:DEBUG:Processing Trial Number :
2018-08-08 16:21:18,925:solutionmethod:DEBUG:Job Triggered
2018-08-08 16:21:18,925:solutionmethod:DEBUG:generating solution ...... !! please wait !!    
 to interrupt press ctrl+C

2018-08-08 16:21:20,063:solutionmethod:INFO:Solution Captured!
2018-08-08 16:22:16,739:solutionmethod:INFO:success! 
 loading solver......
2018-08-08 16:22:16,947:solutionmethod:DEBUG:interfacing solver shell :
2018-08-08 16:22:16,947:solutionmethod:DEBUG:	solver options >> 

	Tolerance Limits:
	mip_gap = 0.0 
	timeout = 300
2018-08-08 16:22:16,947:solutionmethod:DEBUG:Processing Trial Number :
2018-08-08 16:22:16,947:solutionmethod:DEBUG:Job Triggered
2018-08-08 16:22:16,947:solutionmethod:DEBUG:generating solution ...... !! please wait !!    
 to interrupt press ctrl+C

2018-08-08 16:22:18,076:solutionmethod:INFO:Solution Captured!
2018-08-08 16:24:10,802:solutionmethod:INFO:success! 
 loading solver......
2018-08-08 16:24:11,011:solutionmethod:DEBUG:interfacing solver shell :
2018-08-08 16:24:11,011:solutionmethod:DEBUG:	solver options >> 

	Tolerance Limits:
	mip_gap = 0.0 
	timeout = 300
2018-08-08 16:24:11,011:solutionmethod:DEBUG:Processing Trial Number :
2018-08-08 16:24:11,011:solutionmethod:DEBUG:Job Triggered
2018-08-08 16:24:12,129:solutionmethod:INFO:Solution Captured!
2018-08-08 16:24:40,240:solutionmethod:INFO:success! 
 loading solver......
2018-08-08 16:24:40,449:solutionmethod:DEBUG:interfacing solver shell :
2018-08-08 16:24:40,449:solutionmethod:DEBUG:Processing Trial Number :
2018-08-08 16:24:40,449:solutionmethod:DEBUG:Job Triggered
2018-08-08 16:24:41,566:solutionmethod:INFO:Solution Captured!
2018-08-08 16:25:57,191:solutionmethod:INFO:success! 
 loading solver......
2018-08-08 16:25:57,400:solutionmethod:DEBUG:interfacing solver shell :
2018-08-08 16:25:57,400:solutionmethod:DEBUG:Processing Trial Number :1
2018-08-08 16:25:57,400:solutionmethod:DEBUG:Job Triggered
2018-08-08 16:25:58,560:solutionmethod:INFO:Solution Captured!
2018-08-08 16:26:13,377:solutionmethod:INFO:success! 
 loading solver......
2018-08-08 16:26:13,586:solutionmethod:DEBUG:interfacing solver shell :
2018-08-08 16:26:13,586:solutionmethod:DEBUG:Processing Trial Number :1
2018-08-08 16:26:13,586:solutionmethod:DEBUG:Job Triggered
2018-08-08 16:26:14,712:solutionmethod:INFO:Solution Captured!
2018-08-08 16:27:02,120:solutionmethod:INFO:success! 
 loading solver......
2018-08-08 16:27:02,329:solutionmethod:DEBUG:interfacing solver shell : cbc
2018-08-08 16:27:02,329:solutionmethod:DEBUG:Processing Trial Number :1
2018-08-08 16:27:02,329:solutionmethod:DEBUG:Job Triggered
2018-08-08 16:27:03,467:solutionmethod:INFO:Solution Captured!
2018-08-08 16:27:52,210:solutionmethod:INFO:success! 
 loading solver......
2018-08-08 16:27:52,419:solutionmethod:DEBUG:interfacing solver shell : cbc
2018-08-08 16:27:52,419:solutionmethod:DEBUG:Processing Trial Number :1
2018-08-08 16:27:52,419:solutionmethod:DEBUG:Job Triggered
2018-08-08 16:27:53,538:solutionmethod:INFO:Solution Captured!
2018-08-08 16:28:22,392:solutionmethod:INFO:success! 
 loading solver......
2018-08-08 16:28:23,718:solutionmethod:INFO:Solution Captured!
